#
# There is insufficient memory for the Java Runtime Environment to continue.
# Native memory allocation (mmap) failed to map 65536 bytes for committing reserved memory.
# Possible reasons:
#   The system is out of physical RAM or swap space
#   In 32 bit mode, the process size limit was hit
# Possible solutions:
#   Reduce memory load on the system
#   Increase physical memory or swap space
#   Check if swap backing store is full
#   Use 64 bit Java on a 64 bit OS
#   Decrease Java heap size (-Xmx/-Xms)
#   Decrease number of Java threads
#   Decrease Java thread stack sizes (-Xss)
#   Set larger code cache with -XX:ReservedCodeCacheSize=
# This output file may be truncated or incomplete.
#
#  Out of Memory Error (os_linux.cpp:2640), pid=7720, tid=0x00007f2dc0cf7700
#
# JRE version: Java(TM) SE Runtime Environment (8.0_151-b12) (build 1.8.0_151-b12)
# Java VM: Java HotSpot(TM) 64-Bit Server VM (25.151-b12 mixed mode linux-amd64 compressed oops)
# Failed to write core dump. Core dumps have been disabled. To enable core dumping, try "ulimit -c unlimited" before starting Java again
#

---------------  T H R E A D  ---------------

Current thread (0x00007f2dbc0ae000):  JavaThread "C2 CompilerThread0" daemon [_thread_in_vm, id=7736, stack(0x00007f2dc0bf7000,0x00007f2dc0cf8000)]

Stack: [0x00007f2dc0bf7000,0x00007f2dc0cf8000],  sp=0x00007f2dc0cf3290,  free space=1008k
Native frames: (J=compiled Java code, j=interpreted, Vv=VM code, C=native code)
V  [libjvm.so+0xacb58a]  VMError::report_and_die()+0x2ba
V  [libjvm.so+0x4ff4ab]  report_vm_out_of_memory(char const*, int, unsigned long, VMErrorType, char const*)+0x8b
V  [libjvm.so+0x928113]  os::Linux::commit_memory_impl(char*, unsigned long, bool)+0x103
V  [libjvm.so+0x928669]  os::pd_commit_memory(char*, unsigned long, unsigned long, bool)+0x29
V  [libjvm.so+0x92288a]  os::commit_memory(char*, unsigned long, unsigned long, bool)+0x2a
V  [libjvm.so+0xac72e9]  VirtualSpace::expand_by(unsigned long, bool)+0x199
V  [libjvm.so+0x61ddcc]  CodeHeap::expand_by(unsigned long)+0x8c
V  [libjvm.so+0x4831d0]  CodeCache::allocate(int, bool)+0x60
V  [libjvm.so+0x47de75]  BufferBlob::create(char const*, int)+0x95
V  [libjvm.so+0x481eda]  CodeBuffer::initialize(int, int)+0x1a
V  [libjvm.so+0x93a3a8]  Compile::init_buffer(unsigned int*)+0x208
V  [libjvm.so+0x9401c1]  Compile::Output()+0x381
V  [libjvm.so+0x4a5dab]  Compile::Code_Gen()+0x31b
V  [libjvm.so+0x4a8571]  Compile::Compile(ciEnv*, C2Compiler*, ciMethod*, int, bool, bool, bool)+0x14b1
V  [libjvm.so+0x3f4e15]  C2Compiler::compile_method(ciEnv*, ciMethod*, int)+0x1f5
V  [libjvm.so+0x4b2aca]  CompileBroker::invoke_compiler_on_method(CompileTask*)+0xc9a
V  [libjvm.so+0x4b3a76]  CompileBroker::compiler_thread_loop()+0x5d6
V  [libjvm.so+0xa79b53]  JavaThread::thread_main_inner()+0x103
V  [libjvm.so+0xa79c9c]  JavaThread::run()+0x11c
V  [libjvm.so+0x92a728]  java_start(Thread*)+0x108
C  [libpthread.so.0+0x7de5]  start_thread+0xc5


Current CompileTask:
C2: 276377 1374       4       java.util.concurrent.ScheduledThreadPoolExecutor$ScheduledFutureTask::run (59 bytes)


---------------  P R O C E S S  ---------------

Java Threads: ( => current thread )
  0x00007f2dbc633800 JavaThread "forward input" [_thread_blocked, id=7763, stack(0x00007f2d996cc000,0x00007f2d997cd000)]
  0x00007f2dbc632000 JavaThread "DisconnectableInputStream source reader" daemon [_thread_in_native, id=7762, stack(0x00007f2d992ca000,0x00007f2d993cb000)]
  0x00007f2d903a2800 JavaThread "process reaper" daemon [_thread_in_native, id=7743, stack(0x00007f2dc00bd000,0x00007f2dc00f6000)]
  0x00007f2dbc514000 JavaThread "pool-1-thread-1" [_thread_blocked, id=7740, stack(0x00007f2d999d6000,0x00007f2d99ad7000)]
  0x00007f2dbc0b3000 JavaThread "Service Thread" daemon [_thread_blocked, id=7738, stack(0x00007f2dc09f5000,0x00007f2dc0af6000)]
  0x00007f2dbc0b0000 JavaThread "C1 CompilerThread1" daemon [_thread_blocked, id=7737, stack(0x00007f2dc0af6000,0x00007f2dc0bf7000)]
=>0x00007f2dbc0ae000 JavaThread "C2 CompilerThread0" daemon [_thread_in_vm, id=7736, stack(0x00007f2dc0bf7000,0x00007f2dc0cf8000)]
  0x00007f2dbc0ac000 JavaThread "Signal Dispatcher" daemon [_thread_blocked, id=7735, stack(0x00007f2dc0cf8000,0x00007f2dc0df9000)]
  0x00007f2dbc079800 JavaThread "Finalizer" daemon [_thread_blocked, id=7734, stack(0x00007f2dc0df9000,0x00007f2dc0efa000)]
  0x00007f2dbc074800 JavaThread "Reference Handler" daemon [_thread_blocked, id=7733, stack(0x00007f2dc0efa000,0x00007f2dc0ffb000)]
  0x00007f2dbc008800 JavaThread "main" [_thread_in_native, id=7731, stack(0x00007f2dc4859000,0x00007f2dc495a000)]

Other Threads:
  0x00007f2dbc06d000 VMThread [stack: 0x00007f2dc0ffb000,0x00007f2dc10fc000] [id=7732]
  0x00007f2dbc0b6800 WatcherThread [stack: 0x00007f2dc08f4000,0x00007f2dc09f5000] [id=7739]

VM state:not at safepoint (normal execution)

VM Mutex/Monitor currently owned by a thread:  ([mutex/lock_event])
[0x00007f2dbc005220] CodeCache_lock - owner thread: 0x00007f2dbc0ae000

Heap:
 def new generation   total 4928K, used 1594K [0x00000000f0600000, 0x00000000f0b50000, 0x00000000f5950000)
  eden space 4416K,  34% used [0x00000000f0600000, 0x00000000f0781538, 0x00000000f0a50000)
  from space 512K,  10% used [0x00000000f0ad0000, 0x00000000f0add638, 0x00000000f0b50000)
  to   space 512K,   0% used [0x00000000f0a50000, 0x00000000f0a50000, 0x00000000f0ad0000)
 tenured generation   total 10944K, used 4306K [0x00000000f5950000, 0x00000000f6400000, 0x0000000100000000)
   the space 10944K,  39% used [0x00000000f5950000, 0x00000000f5d84a48, 0x00000000f5d84c00, 0x00000000f6400000)
 Metaspace       used 11205K, capacity 11434K, committed 11648K, reserved 1058816K
  class space    used 1485K, capacity 1591K, committed 1664K, reserved 1048576K

Card table byte_map: [0x00007f2dc47d3000,0x00007f2dc4851000] byte_map_base: 0x00007f2dc4050000

Polling page: 0x00007f2dc4962000

CodeCache: size=245760Kb used=4233Kb max_used=4262Kb free=241526Kb
 bounds [0x00007f2dad000000, 0x00007f2dad430000, 0x00007f2dbc000000]
 total_blobs=1695 nmethods=1350 adapters=257
 compilation: enabled

Compilation events (10 events):
Event: 269.461 Thread 0x00007f2dbc0ae000 nmethod 1369 0x00007f2dad427490 code [0x00007f2dad427660, 0x00007f2dad427d78]
Event: 272.239 Thread 0x00007f2dbc0ae000 1370       4       org.fusesource.jansi.Ansi::fg (17 bytes)
Event: 272.244 Thread 0x00007f2dbc0ae000 nmethod 1370 0x00007f2dad4232d0 code [0x00007f2dad423460, 0x00007f2dad423948]
Event: 272.339 Thread 0x00007f2dbc0ae000 1371       4       com.google.common.collect.Lists$ReverseList$1::next (30 bytes)
Event: 272.341 Thread 0x00007f2dbc0ae000 nmethod 1371 0x00007f2dad428950 code [0x00007f2dad428ac0, 0x00007f2dad428c78]
Event: 274.439 Thread 0x00007f2dbc0ae000 1372       4       java.util.ArrayList::listIterator (10 bytes)
Event: 274.440 Thread 0x00007f2dbc0ae000 nmethod 1372 0x00007f2dad41eb90 code [0x00007f2dad41ece0, 0x00007f2dad41ede8]
Event: 275.854 Thread 0x00007f2dbc0ae000 1373       4       java.util.concurrent.ThreadPoolExecutor::ensurePrestart (41 bytes)
Event: 275.855 Thread 0x00007f2dbc0ae000 nmethod 1373 0x00007f2dad129650 code [0x00007f2dad1297a0, 0x00007f2dad129858]
Event: 275.939 Thread 0x00007f2dbc0ae000 1374       4       java.util.concurrent.ScheduledThreadPoolExecutor$ScheduledFutureTask::run (59 bytes)

GC Heap History (10 events):
Event: 0.915 GC heap before
{Heap before GC invocations=6 (full 0):
 def new generation   total 4928K, used 4899K [0x00000000f0600000, 0x00000000f0b50000, 0x00000000f5950000)
  eden space 4416K,  99% used [0x00000000f0600000, 0x00000000f0a48ec8, 0x00000000f0a50000)
  from space 512K, 100% used [0x00000000f0a50000, 0x00000000f0ad0000, 0x00000000f0ad0000)
  to   space 512K,   0% used [0x00000000f0ad0000, 0x00000000f0ad0000, 0x00000000f0b50000)
 tenured generation   total 10944K, used 2895K [0x00000000f5950000, 0x00000000f6400000, 0x0000000100000000)
   the space 10944K,  26% used [0x00000000f5950000, 0x00000000f5c23da0, 0x00000000f5c23e00, 0x00000000f6400000)
 Metaspace       used 9072K, capacity 9284K, committed 9344K, reserved 1056768K
  class space    used 1240K, capacity 1348K, committed 1408K, reserved 1048576K
Event: 0.917 GC heap after
Heap after GC invocations=7 (full 0):
 def new generation   total 4928K, used 511K [0x00000000f0600000, 0x00000000f0b50000, 0x00000000f5950000)
  eden space 4416K,   0% used [0x00000000f0600000, 0x00000000f0600000, 0x00000000f0a50000)
  from space 512K,  99% used [0x00000000f0ad0000, 0x00000000f0b4fff8, 0x00000000f0b50000)
  to   space 512K,   0% used [0x00000000f0a50000, 0x00000000f0a50000, 0x00000000f0ad0000)
 tenured generation   total 10944K, used 3478K [0x00000000f5950000, 0x00000000f6400000, 0x0000000100000000)
   the space 10944K,  31% used [0x00000000f5950000, 0x00000000f5cb5930, 0x00000000f5cb5a00, 0x00000000f6400000)
 Metaspace       used 9072K, capacity 9284K, committed 9344K, reserved 1056768K
  class space    used 1240K, capacity 1348K, committed 1408K, reserved 1048576K
}
Event: 2.436 GC heap before
{Heap before GC invocations=7 (full 0):
 def new generation   total 4928K, used 4927K [0x00000000f0600000, 0x00000000f0b50000, 0x00000000f5950000)
  eden space 4416K, 100% used [0x00000000f0600000, 0x00000000f0a50000, 0x00000000f0a50000)
  from space 512K,  99% used [0x00000000f0ad0000, 0x00000000f0b4fff8, 0x00000000f0b50000)
  to   space 512K,   0% used [0x00000000f0a50000, 0x00000000f0a50000, 0x00000000f0ad0000)
 tenured generation   total 10944K, used 3478K [0x00000000f5950000, 0x00000000f6400000, 0x0000000100000000)
   the space 10944K,  31% used [0x00000000f5950000, 0x00000000f5cb5930, 0x00000000f5cb5a00, 0x00000000f6400000)
 Metaspace       used 10732K, capacity 11084K, committed 11392K, reserved 1058816K
  class space    used 1453K, capacity 1584K, committed 1664K, reserved 1048576K
Event: 2.439 GC heap after
Heap after GC invocations=8 (full 0):
 def new generation   total 4928K, used 511K [0x00000000f0600000, 0x00000000f0b50000, 0x00000000f5950000)
  eden space 4416K,   0% used [0x00000000f0600000, 0x00000000f0600000, 0x00000000f0a50000)
  from space 512K,  99% used [0x00000000f0a50000, 0x00000000f0acfff8, 0x00000000f0ad0000)
  to   space 512K,   0% used [0x00000000f0ad0000, 0x00000000f0ad0000, 0x00000000f0b50000)
 tenured generation   total 10944K, used 3846K [0x00000000f5950000, 0x00000000f6400000, 0x0000000100000000)
   the space 10944K,  35% used [0x00000000f5950000, 0x00000000f5d11ab0, 0x00000000f5d11c00, 0x00000000f6400000)
 Metaspace       used 10732K, capacity 11084K, committed 11392K, reserved 1058816K
  class space    used 1453K, capacity 1584K, committed 1664K, reserved 1048576K
}
Event: 55.742 GC heap before
{Heap before GC invocations=8 (full 0):
 def new generation   total 4928K, used 4927K [0x00000000f0600000, 0x00000000f0b50000, 0x00000000f5950000)
  eden space 4416K, 100% used [0x00000000f0600000, 0x00000000f0a50000, 0x00000000f0a50000)
  from space 512K,  99% used [0x00000000f0a50000, 0x00000000f0acfff8, 0x00000000f0ad0000)
  to   space 512K,   0% used [0x00000000f0ad0000, 0x00000000f0ad0000, 0x00000000f0b50000)
 tenured generation   total 10944K, used 3846K [0x00000000f5950000, 0x00000000f6400000, 0x0000000100000000)
   the space 10944K,  35% used [0x00000000f5950000, 0x00000000f5d11ab0, 0x00000000f5d11c00, 0x00000000f6400000)
 Metaspace       used 11204K, capacity 11434K, committed 11648K, reserved 1058816K
  class space    used 1485K, capacity 1591K, committed 1664K, reserved 1048576K
Event: 55.753 GC heap after
Heap after GC invocations=9 (full 0):
 def new generation   total 4928K, used 130K [0x00000000f0600000, 0x00000000f0b50000, 0x00000000f5950000)
  eden space 4416K,   0% used [0x00000000f0600000, 0x00000000f0600000, 0x00000000f0a50000)
  from space 512K,  25% used [0x00000000f0ad0000, 0x00000000f0af09b8, 0x00000000f0b50000)
  to   space 512K,   0% used [0x00000000f0a50000, 0x00000000f0a50000, 0x00000000f0ad0000)
 tenured generation   total 10944K, used 4306K [0x00000000f5950000, 0x00000000f6400000, 0x0000000100000000)
   the space 10944K,  39% used [0x00000000f5950000, 0x00000000f5d84a48, 0x00000000f5d84c00, 0x00000000f6400000)
 Metaspace       used 11204K, capacity 11434K, committed 11648K, reserved 1058816K
  class space    used 1485K, capacity 1591K, committed 1664K, reserved 1048576K
}
Event: 150.039 GC heap before
{Heap before GC invocations=9 (full 0):
 def new generation   total 4928K, used 4546K [0x00000000f0600000, 0x00000000f0b50000, 0x00000000f5950000)
  eden space 4416K, 100% used [0x00000000f0600000, 0x00000000f0a50000, 0x00000000f0a50000)
  from space 512K,  25% used [0x00000000f0ad0000, 0x00000000f0af09b8, 0x00000000f0b50000)
  to   space 512K,   0% used [0x00000000f0a50000, 0x00000000f0a50000, 0x00000000f0ad0000)
 tenured generation   total 10944K, used 4306K [0x00000000f5950000, 0x00000000f6400000, 0x0000000100000000)
   the space 10944K,  39% used [0x00000000f5950000, 0x00000000f5d84a48, 0x00000000f5d84c00, 0x00000000f6400000)
 Metaspace       used 11204K, capacity 11434K, committed 11648K, reserved 1058816K
  class space    used 1485K, capacity 1591K, committed 1664K, reserved 1048576K
Event: 150.044 GC heap after
Heap after GC invocations=10 (full 0):
 def new generation   total 4928K, used 53K [0x00000000f0600000, 0x00000000f0b50000, 0x00000000f5950000)
  eden space 4416K,   0% used [0x00000000f0600000, 0x00000000f0600000, 0x00000000f0a50000)
  from space 512K,  10% used [0x00000000f0a50000, 0x00000000f0a5d4f0, 0x00000000f0ad0000)
  to   space 512K,   0% used [0x00000000f0ad0000, 0x00000000f0ad0000, 0x00000000f0b50000)
 tenured generation   total 10944K, used 4306K [0x00000000f5950000, 0x00000000f6400000, 0x0000000100000000)
   the space 10944K,  39% used [0x00000000f5950000, 0x00000000f5d84a48, 0x00000000f5d84c00, 0x00000000f6400000)
 Metaspace       used 11204K, capacity 11434K, committed 11648K, reserved 1058816K
  class space    used 1485K, capacity 1591K, committed 1664K, reserved 1048576K
}
Event: 244.139 GC heap before
{Heap before GC invocations=10 (full 0):
 def new generation   total 4928K, used 4469K [0x00000000f0600000, 0x00000000f0b50000, 0x00000000f5950000)
  eden space 4416K, 100% used [0x00000000f0600000, 0x00000000f0a50000, 0x00000000f0a50000)
  from space 512K,  10% used [0x00000000f0a50000, 0x00000000f0a5d4f0, 0x00000000f0ad0000)
  to   space 512K,   0% used [0x00000000f0ad0000, 0x00000000f0ad0000, 0x00000000f0b50000)
 tenured generation   total 10944K, used 4306K [0x00000000f5950000, 0x00000000f6400000, 0x0000000100000000)
   the space 10944K,  39% used [0x00000000f5950000, 0x00000000f5d84a48, 0x00000000f5d84c00, 0x00000000f6400000)
 Metaspace       used 11205K, capacity 11434K, committed 11648K, reserved 1058816K
  class space    used 1485K, capacity 1591K, committed 1664K, reserved 1048576K
Event: 244.140 GC heap after
Heap after GC invocations=11 (full 0):
 def new generation   total 4928K, used 53K [0x00000000f0600000, 0x00000000f0b50000, 0x00000000f5950000)
  eden space 4416K,   0% used [0x00000000f0600000, 0x00000000f0600000, 0x00000000f0a50000)
  from space 512K,  10% used [0x00000000f0ad0000, 0x00000000f0add638, 0x00000000f0b50000)
  to   space 512K,   0% used [0x00000000f0a50000, 0x00000000f0a50000, 0x00000000f0ad0000)
 tenured generation   total 10944K, used 4306K [0x00000000f5950000, 0x00000000f6400000, 0x0000000100000000)
   the space 10944K,  39% used [0x00000000f5950000, 0x00000000f5d84a48, 0x00000000f5d84c00, 0x00000000f6400000)
 Metaspace       used 11205K, capacity 11434K, committed 11648K, reserved 1058816K
  class space    used 1485K, capacity 1591K, committed 1664K, reserved 1048576K
}

Deoptimization events (5 events):
Event: 0.774 Thread 0x00007f2dbc008800 Uncommon trap: reason=unstable_if action=reinterpret pc=0x00007f2dad27ca9c method=java.util.HashMap.getNode(ILjava/lang/Object;)Ljava/util/HashMap$Node; @ 62
Event: 0.774 Thread 0x00007f2dbc008800 Uncommon trap: reason=unstable_if action=reinterpret pc=0x00007f2dad274fe0 method=java.util.HashMap.getNode(ILjava/lang/Object;)Ljava/util/HashMap$Node; @ 62
Event: 0.901 Thread 0x00007f2dbc008800 Uncommon trap: reason=unstable_if action=reinterpret pc=0x00007f2dad19f408 method=java.lang.String.replace(CC)Ljava/lang/String; @ 26
Event: 2.370 Thread 0x00007f2dbc008800 Uncommon trap: reason=unstable_if action=reinterpret pc=0x00007f2dad2e062c method=java.util.concurrent.ConcurrentHashMap.putVal(Ljava/lang/Object;Ljava/lang/Object;Z)Ljava/lang/Object; @ 206
Event: 12.942 Thread 0x00007f2dbc514000 Uncommon trap: reason=unstable_if action=reinterpret pc=0x00007f2dad329948 method=java.io.PrintStream.write(I)V @ 19

Internal exceptions (10 events):
Event: 2.383 Thread 0x00007f2dbc008800 Exception <a 'java/lang/NoSuchMethodError': <clinit>> (0x00000000f096f950) thrown at [/HUDSON/workspace/8-2-build-linux-amd64/jdk8u151/9699/hotspot/src/share/vm/prims/jni.cpp, line 1613]
Event: 2.385 Thread 0x00007f2dbc008800 Exception <a 'java/lang/NoSuchMethodError': <clinit>> (0x00000000f0986e50) thrown at [/HUDSON/workspace/8-2-build-linux-amd64/jdk8u151/9699/hotspot/src/share/vm/prims/jni.cpp, line 1613]
Event: 2.390 Thread 0x00007f2dbc008800 Exception <a 'java/lang/NoSuchMethodError': <clinit>> (0x00000000f098e438) thrown at [/HUDSON/workspace/8-2-build-linux-amd64/jdk8u151/9699/hotspot/src/share/vm/prims/jni.cpp, line 1613]
Event: 2.396 Thread 0x00007f2dbc008800 Exception <a 'java/lang/NoSuchMethodError': <clinit>> (0x00000000f09eedf0) thrown at [/HUDSON/workspace/8-2-build-linux-amd64/jdk8u151/9699/hotspot/src/share/vm/prims/jni.cpp, line 1613]
Event: 2.403 Thread 0x00007f2dbc008800 Exception <a 'java/lang/NoSuchMethodError': <clinit>> (0x00000000f0a0f168) thrown at [/HUDSON/workspace/8-2-build-linux-amd64/jdk8u151/9699/hotspot/src/share/vm/prims/jni.cpp, line 1613]
Event: 2.404 Thread 0x00007f2dbc008800 Exception <a 'java/lang/NoSuchMethodError': <clinit>> (0x00000000f0a17968) thrown at [/HUDSON/workspace/8-2-build-linux-amd64/jdk8u151/9699/hotspot/src/share/vm/prims/jni.cpp, line 1613]
Event: 2.406 Thread 0x00007f2dbc008800 Exception <a 'java/lang/NoSuchMethodError': <clinit>> (0x00000000f0a22308) thrown at [/HUDSON/workspace/8-2-build-linux-amd64/jdk8u151/9699/hotspot/src/share/vm/prims/jni.cpp, line 1613]
Event: 2.412 Thread 0x00007f2dbc008800 Exception <a 'java/lang/NoSuchMethodError': <clinit>> (0x00000000f0a3a640) thrown at [/HUDSON/workspace/8-2-build-linux-amd64/jdk8u151/9699/hotspot/src/share/vm/prims/jni.cpp, line 1613]
Event: 2.539 Thread 0x00007f2dbc008800 Exception <a 'java/lang/NoSuchMethodError': <clinit>> (0x00000000f061e680) thrown at [/HUDSON/workspace/8-2-build-linux-amd64/jdk8u151/9699/hotspot/src/share/vm/prims/jni.cpp, line 1613]
Event: 2.540 Thread 0x00007f2dbc008800 Exception <a 'java/lang/NoSuchMethodError': <clinit>> (0x00000000f062a838) thrown at [/HUDSON/workspace/8-2-build-linux-amd64/jdk8u151/9699/hotspot/src/share/vm/prims/jni.cpp, line 1613]

Events (10 events):
Event: 274.440 Thread 0x00007f2dbc0ae000 flushing nmethod 0x00007f2dad10aa50
Event: 274.440 Thread 0x00007f2dbc0ae000 flushing nmethod 0x00007f2dad10d8d0
Event: 274.440 Thread 0x00007f2dbc0ae000 flushing nmethod 0x00007f2dad110710
Event: 274.440 Thread 0x00007f2dbc0ae000 flushing nmethod 0x00007f2dad1126d0
Event: 274.440 Thread 0x00007f2dbc0ae000 flushing nmethod 0x00007f2dad113090
Event: 274.440 Thread 0x00007f2dbc0ae000 flushing nmethod 0x00007f2dad114c10
Event: 274.440 Thread 0x00007f2dbc0ae000 flushing nmethod 0x00007f2dad129650
Event: 274.440 Thread 0x00007f2dbc0ae000 flushing nmethod 0x00007f2dad12b250
Event: 275.855 Thread 0x00007f2dbc0ae000 flushing nmethod 0x00007f2dad135250
Event: 275.855 Thread 0x00007f2dbc0ae000 flushing nmethod 0x00007f2dad1434d0


Dynamic libraries:
00400000-00401000 r-xp 00000000 ca:01 144989                             /usr/java/jdk1.8.0_151/bin/java
00600000-00601000 rw-p 00000000 ca:01 144989                             /usr/java/jdk1.8.0_151/bin/java
01258000-01279000 rw-p 00000000 00:00 0                                  [heap]
f0600000-f0b50000 rw-p 00000000 00:00 0 
f0b50000-f5950000 ---p 00000000 00:00 0 
f5950000-f6400000 rw-p 00000000 00:00 0 
f6400000-100000000 ---p 00000000 00:00 0 
100000000-1001a0000 rw-p 00000000 00:00 0 
1001a0000-140000000 ---p 00000000 00:00 0 
7f2d84000000-7f2d84031000 rw-p 00000000 00:00 0 
7f2d84031000-7f2d88000000 ---p 00000000 00:00 0 
7f2d8c000000-7f2d8dba8000 rw-p 00000000 00:00 0 
7f2d8dba8000-7f2d90000000 ---p 00000000 00:00 0 
7f2d90000000-7f2d903b4000 rw-p 00000000 00:00 0 
7f2d903b4000-7f2d94000000 ---p 00000000 00:00 0 
7f2d94000000-7f2d94021000 rw-p 00000000 00:00 0 
7f2d94021000-7f2d98000000 ---p 00000000 00:00 0 
7f2d992ca000-7f2d992cd000 ---p 00000000 00:00 0 
7f2d992cd000-7f2d993cb000 rw-p 00000000 00:00 0 
7f2d993cb000-7f2d993ce000 ---p 00000000 00:00 0 
7f2d993ce000-7f2d9968c000 rw-p 00000000 00:00 0 
7f2d9968c000-7f2d996cc000 ---p 00000000 00:00 0 
7f2d996cc000-7f2d996cf000 ---p 00000000 00:00 0 
7f2d996cf000-7f2d997cd000 rw-p 00000000 00:00 0 
7f2d997cd000-7f2d997d6000 r-xp 00000000 ca:01 145160                     /usr/java/jdk1.8.0_151/jre/lib/amd64/libmanagement.so
7f2d997d6000-7f2d999d5000 ---p 00009000 ca:01 145160                     /usr/java/jdk1.8.0_151/jre/lib/amd64/libmanagement.so
7f2d999d5000-7f2d999d6000 rw-p 00008000 ca:01 145160                     /usr/java/jdk1.8.0_151/jre/lib/amd64/libmanagement.so
7f2d999d6000-7f2d999d9000 ---p 00000000 00:00 0 
7f2d999d9000-7f2d99ad7000 rw-p 00000000 00:00 0 
7f2d99ad7000-7f2da0000000 r--p 00000000 ca:01 3440                       /usr/lib/locale/locale-archive
7f2da0000000-7f2da0021000 rw-p 00000000 00:00 0 
7f2da0021000-7f2da4000000 ---p 00000000 00:00 0 
7f2da4000000-7f2da4021000 rw-p 00000000 00:00 0 
7f2da4021000-7f2da8000000 ---p 00000000 00:00 0 
7f2da8000000-7f2da803e000 rw-p 00000000 00:00 0 
7f2da803e000-7f2dac000000 ---p 00000000 00:00 0 
7f2dac015000-7f2dac017000 r-xp 00000000 ca:01 274552                     /home/ec2-user/.gradle/native/jansi/1.14/linux64/libjansi.so
7f2dac017000-7f2dac216000 ---p 00002000 ca:01 274552                     /home/ec2-user/.gradle/native/jansi/1.14/linux64/libjansi.so
7f2dac216000-7f2dac217000 rw-p 00001000 ca:01 274552                     /home/ec2-user/.gradle/native/jansi/1.14/linux64/libjansi.so
7f2dac217000-7f2dac234000 r-xp 00000000 ca:01 262220                     /lib64/libtinfo.so.5.7
7f2dac234000-7f2dac433000 ---p 0001d000 ca:01 262220                     /lib64/libtinfo.so.5.7
7f2dac433000-7f2dac438000 rw-p 0001c000 ca:01 262220                     /lib64/libtinfo.so.5.7
7f2dac438000-7f2dac45d000 r-xp 00000000 ca:01 262216                     /lib64/libncurses.so.5.7
7f2dac45d000-7f2dac65d000 ---p 00025000 ca:01 262216                     /lib64/libncurses.so.5.7
7f2dac65d000-7f2dac65e000 rw-p 00025000 ca:01 262216                     /lib64/libncurses.so.5.7
7f2dac65e000-7f2dac661000 r-xp 00000000 ca:01 274555                     /home/ec2-user/.gradle/native/25/linux-amd64-ncurses5/libnative-platform-curses.so
7f2dac661000-7f2dac861000 ---p 00003000 ca:01 274555                     /home/ec2-user/.gradle/native/25/linux-amd64-ncurses5/libnative-platform-curses.so
7f2dac861000-7f2dac862000 rw-p 00003000 ca:01 274555                     /home/ec2-user/.gradle/native/25/linux-amd64-ncurses5/libnative-platform-curses.so
7f2dac862000-7f2dac878000 r-xp 00000000 ca:01 262163                     /lib64/libgcc_s-6.4.1-20170727.so.1
7f2dac878000-7f2daca77000 ---p 00016000 ca:01 262163                     /lib64/libgcc_s-6.4.1-20170727.so.1
7f2daca77000-7f2daca78000 rw-p 00015000 ca:01 262163                     /lib64/libgcc_s-6.4.1-20170727.so.1
7f2daca78000-7f2dacbeb000 r-xp 00000000 ca:01 3625                       /usr/lib64/libstdc++.so.6.0.22
7f2dacbeb000-7f2dacdeb000 ---p 00173000 ca:01 3625                       /usr/lib64/libstdc++.so.6.0.22
7f2dacdeb000-7f2dacdf5000 r--p 00173000 ca:01 3625                       /usr/lib64/libstdc++.so.6.0.22
7f2dacdf5000-7f2dacdf7000 rw-p 0017d000 ca:01 3625                       /usr/lib64/libstdc++.so.6.0.22
7f2dacdf7000-7f2dacdfb000 rw-p 00000000 00:00 0 
7f2dacdfb000-7f2dace00000 r-xp 00000000 ca:01 274548                     /home/ec2-user/.gradle/native/25/linux-amd64/libnative-platform.so
7f2dace00000-7f2dacfff000 ---p 00005000 ca:01 274548                     /home/ec2-user/.gradle/native/25/linux-amd64/libnative-platform.so
7f2dacfff000-7f2dad000000 rw-p 00004000 ca:01 274548                     /home/ec2-user/.gradle/native/25/linux-amd64/libnative-platform.so
7f2dad000000-7f2dad430000 rwxp 00000000 00:00 0 
7f2dad440000-7f2dbc000000 ---p 00000000 00:00 0 
7f2dbc000000-7f2dbc651000 rw-p 00000000 00:00 0 
7f2dbc651000-7f2dc0000000 ---p 00000000 00:00 0 
7f2dc00bd000-7f2dc00c0000 ---p 00000000 00:00 0 
7f2dc00c0000-7f2dc00f6000 rw-p 00000000 00:00 0 
7f2dc00f6000-7f2dc00fa000 r--s 0009a000 ca:01 145428                     /usr/java/jdk1.8.0_151/jre/lib/jsse.jar
7f2dc00fa000-7f2dc0101000 r--s 00000000 ca:01 3439                       /usr/lib64/gconv/gconv-modules.cache
7f2dc0101000-7f2dc0112000 r-xp 00000000 ca:01 145163                     /usr/java/jdk1.8.0_151/jre/lib/amd64/libnio.so
7f2dc0112000-7f2dc0311000 ---p 00011000 ca:01 145163                     /usr/java/jdk1.8.0_151/jre/lib/amd64/libnio.so
7f2dc0311000-7f2dc0312000 rw-p 00010000 ca:01 145163                     /usr/java/jdk1.8.0_151/jre/lib/amd64/libnio.so
7f2dc0312000-7f2dc0329000 r-xp 00000000 ca:01 145162                     /usr/java/jdk1.8.0_151/jre/lib/amd64/libnet.so
7f2dc0329000-7f2dc0528000 ---p 00017000 ca:01 145162                     /usr/java/jdk1.8.0_151/jre/lib/amd64/libnet.so
7f2dc0528000-7f2dc0529000 rw-p 00016000 ca:01 145162                     /usr/java/jdk1.8.0_151/jre/lib/amd64/libnet.so
7f2dc0529000-7f2dc052a000 r--s 00006000 ca:01 274375                     /home/ec2-user/.sdkman/candidates/gradle/4.3/lib/gradle-wrapper-4.3.jar
7f2dc052a000-7f2dc0537000 r--s 00044000 ca:01 274374                     /home/ec2-user/.sdkman/candidates/gradle/4.3/lib/gradle-tooling-api-4.3.jar
7f2dc0537000-7f2dc0546000 r--s 000c9000 ca:01 274371                     /home/ec2-user/.sdkman/candidates/gradle/4.3/lib/kotlin-stdlib-1.1.51.jar
7f2dc0546000-7f2dc0548000 r--s 00002000 ca:01 274370                     /home/ec2-user/.sdkman/candidates/gradle/4.3/lib/kotlin-sam-with-receiver-compiler-plugin-1.1.51.jar
7f2dc0548000-7f2dc057b000 r--s 0022b000 ca:01 274369                     /home/ec2-user/.sdkman/candidates/gradle/4.3/lib/kotlin-reflect-1.1.51.jar
7f2dc057b000-7f2dc075d000 r--s 01a42000 ca:01 274368                     /home/ec2-user/.sdkman/candidates/gradle/4.3/lib/kotlin-compiler-embeddable-1.1.51.jar
7f2dc075d000-7f2dc075e000 r--s 00000000 ca:01 274367                     /home/ec2-user/.sdkman/candidates/gradle/4.3/lib/gradle-kotlin-dsl-tooling-models-0.12.3.jar
7f2dc075e000-7f2dc0760000 r--s 00003000 ca:01 274364                     /home/ec2-user/.sdkman/candidates/gradle/4.3/lib/annotations-13.0.jar
7f2dc0760000-7f2dc076a000 r--s 0007b000 ca:01 274365                     /home/ec2-user/.sdkman/candidates/gradle/4.3/lib/gradle-kotlin-dsl-0.12.3.jar
7f2dc076a000-7f2dc076e000 r--s 00012000 ca:01 274380                     /home/ec2-user/.sdkman/candidates/gradle/4.3/lib/gradle-build-cache-4.3.jar
7f2dc076e000-7f2dc0774000 r--s 0002e000 ca:01 274384                     /home/ec2-user/.sdkman/candidates/gradle/4.3/lib/gradle-persistent-cache-4.3.jar
7f2dc0774000-7f2dc0778000 r--s 00014000 ca:01 274383                     /home/ec2-user/.sdkman/candidates/gradle/4.3/lib/gradle-resources-4.3.jar
7f2dc0778000-7f2dc077a000 r--s 00002000 ca:01 274391                     /home/ec2-user/.sdkman/candidates/gradle/4.3/lib/gradle-build-option-4.3.jar
7f2dc077a000-7f2dc077c000 r--s 00005000 ca:01 274392                     /home/ec2-user/.sdkman/candidates/gradle/4.3/lib/gradle-cli-4.3.jar
7f2dc077c000-7f2dc077e000 r--s 00003000 ca:01 274399                     /home/ec2-user/.sdkman/candidates/gradle/4.3/lib/jcl-over-slf4j-1.7.10.jar
7f2dc077e000-7f2dc077f000 r--s 00005000 ca:01 274398                     /home/ec2-user/.sdkman/candidates/gradle/4.3/lib/log4j-over-slf4j-1.7.10.jar
7f2dc077f000-7f2dc0781000 r--s 00000000 ca:01 274397                     /home/ec2-user/.sdkman/candidates/gradle/4.3/lib/jul-to-slf4j-1.7.10.jar
7f2dc0781000-7f2dc0788000 r--s 0002f000 ca:01 274381                     /home/ec2-user/.sdkman/candidates/gradle/4.3/lib/gradle-logging-4.3.jar
7f2dc0788000-7f2dc0798000 r--s 00082000 ca:01 274387                     /home/ec2-user/.sdkman/candidates/gradle/4.3/lib/gradle-model-core-4.3.jar
7f2dc0798000-7f2dc079a000 r--s 00006000 ca:01 274388                     /home/ec2-user/.sdkman/candidates/gradle/4.3/lib/gradle-base-services-groovy-4.3.jar
7f2dc079a000-7f2dc079c000 r--s 00007000 ca:01 274386                     /home/ec2-user/.sdkman/candidates/gradle/4.3/lib/gradle-model-groovy-4.3.jar
7f2dc079c000-7f2dc079d000 r--s 00002000 ca:01 274411                     /home/ec2-user/.sdkman/candidates/gradle/4.3/lib/gradle-docs-4.3.jar
7f2dc079d000-7f2dc07a7000 r--s 00078000 ca:01 274410                     /home/ec2-user/.sdkman/candidates/gradle/4.3/lib/commons-compress-1.14.jar
7f2dc07a7000-7f2dc07b4000 r--s 00083000 ca:01 274408                     /home/ec2-user/.sdkman/candidates/gradle/4.3/lib/commons-collections-3.2.2.jar
7f2dc07b4000-7f2dc07b5000 r--s 00000000 ca:01 274407                     /home/ec2-user/.sdkman/candidates/gradle/4.3/lib/javax.inject-1.jar
7f2dc07b5000-7f2dc0825000 r--s 00646000 ca:01 274405                     /home/ec2-user/.sdkman/candidates/gradle/4.3/lib/groovy-all-2.4.12.jar
7f2dc0825000-7f2dc0828000 r--s 00023000 ca:01 274412                     /home/ec2-user/.sdkman/candidates/gradle/4.3/lib/jansi-1.14.jar
7f2dc0828000-7f2dc0829000 r--s 00004000 ca:01 274414                     /home/ec2-user/.sdkman/candidates/gradle/4.3/lib/native-platform-freebsd-amd64-libcpp-0.14.jar
7f2dc0829000-7f2dc082a000 r--s 00004000 ca:01 274415                     /home/ec2-user/.sdkman/candidates/gradle/4.3/lib/native-platform-freebsd-amd64-libstdcpp-0.14.jar
7f2dc082a000-7f2dc082b000 r--s 00004000 ca:01 274416                     /home/ec2-user/.sdkman/candidates/gradle/4.3/lib/native-platform-freebsd-i386-libcpp-0.14.jar
7f2dc082b000-7f2dc082c000 r--s 00003000 ca:01 274417                     /home/ec2-user/.sdkman/candidates/gradle/4.3/lib/native-platform-freebsd-i386-libstdcpp-0.14.jar
7f2dc082c000-7f2dc082d000 r--s 00002000 ca:01 274418                     /home/ec2-user/.sdkman/candidates/gradle/4.3/lib/native-platform-linux-amd64-0.14.jar
7f2dc082d000-7f2dc082e000 r--s 00002000 ca:01 274419                     /home/ec2-user/.sdkman/candidates/gradle/4.3/lib/native-platform-linux-i386-0.14.jar
7f2dc082e000-7f2dc0830000 r--s 00002000 ca:01 274420                     /home/ec2-user/.sdkman/candidates/gradle/4.3/lib/native-platform-osx-amd64-0.14.jar
7f2dc0830000-7f2dc0831000 r--s 00003000 ca:01 274421                     /home/ec2-user/.sdkman/candidates/gradle/4.3/lib/native-platform-osx-i386-0.14.jar
7f2dc0831000-7f2dc0833000 r--s 0000b000 ca:01 274422                     /home/ec2-user/.sdkman/candidates/gradle/4.3/lib/native-platform-windows-amd64-0.14.jar
7f2dc0833000-7f2dc0834000 r--s 0000b000 ca:01 274423                     /home/ec2-user/.sdkman/candidates/gradle/4.3/lib/native-platform-windows-i386-0.14.jar
7f2dc0834000-7f2dc0835000 r--s 00001000 ca:01 274424                     /home/ec2-user/.sdkman/candidates/gradle/4.3/lib/native-platform-linux-amd64-ncurses5-0.14.jar
7f2dc0835000-7f2dc0836000 r--s 00001000 ca:01 274425                     /home/ec2-user/.sdkman/candidates/gradle/4.3/lib/native-platform-linux-amd64-ncurses6-0.14.jar
7f2dc0836000-7f2dc0837000 r--s 00001000 ca:01 274426                     /home/ec2-user/.sdkman/candidates/gradle/4.3/lib/native-platform-linux-i386-ncurses5-0.14.jar
7f2dc0837000-7f2dc0838000 r--s 00001000 ca:01 274427                     /home/ec2-user/.sdkman/candidates/gradle/4.3/lib/native-platform-linux-i386-ncurses6-0.14.jar
7f2dc0838000-7f2dc083c000 r--s 00012000 ca:01 274409                     /home/ec2-user/.sdkman/candidates/gradle/4.3/lib/native-platform-0.14.jar
7f2dc083c000-7f2dc083f000 r--s 0000c000 ca:01 274385                     /home/ec2-user/.sdkman/candidates/gradle/4.3/lib/gradle-native-4.3.jar
7f2dc083f000-7f2dc0841000 r--s 0000f000 ca:01 274394                     /home/ec2-user/.sdkman/candidates/gradle/4.3/lib/reflectasm-1.07-shaded.jar
7f2dc0841000-7f2dc0843000 r--s 00000000 ca:01 274428                     /home/ec2-user/.sdkman/candidates/gradle/4.3/lib/minlog-1.2.jar
7f2dc0843000-7f2dc0845000 r--s 00007000 ca:01 274429                     /home/ec2-user/.sdkman/candidates/gradle/4.3/lib/objenesis-1.2.jar
7f2dc0845000-7f2dc0849000 r--s 00026000 ca:01 274393                     /home/ec2-user/.sdkman/candidates/gradle/4.3/lib/kryo-2.20.jar
7f2dc0849000-7f2dc084f000 r--s 0002b000 ca:01 274389                     /home/ec2-user/.sdkman/candidates/gradle/4.3/lib/gradle-messaging-4.3.jar
7f2dc084f000-7f2dc0851000 r--s 00006000 ca:01 274382                     /home/ec2-user/.sdkman/candidates/gradle/4.3/lib/gradle-process-services-4.3.jar
7f2dc0851000-7f2dc0856000 r--s 00041000 ca:01 274403                     /home/ec2-user/.sdkman/candidates/gradle/4.3/lib/commons-lang-2.6.jar
7f2dc0856000-7f2dc0859000 r--s 00006000 ca:01 274402                     /home/ec2-user/.sdkman/candidates/gradle/4.3/lib/jsr305-1.3.9.jar
7f2dc0859000-7f2dc0881000 r--s 001cf000 ca:01 274401                     /home/ec2-user/.sdkman/candidates/gradle/4.3/lib/guava-jdk5-17.0.jar
7f2dc0881000-7f2dc0885000 r--s 00027000 ca:01 274396                     /home/ec2-user/.sdkman/candidates/gradle/4.3/lib/commons-io-2.2.jar
7f2dc0885000-7f2dc088d000 r--s 000bd000 ca:01 274395                     /home/ec2-user/.sdkman/candidates/gradle/4.3/lib/asm-debug-all-6.0_ALPHA.jar
7f2dc088d000-7f2dc08ac000 r--s 001d1000 ca:01 274406                     /home/ec2-user/.sdkman/candidates/gradle/4.3/lib/ant-1.9.6.jar
7f2dc08ac000-7f2dc08e8000 r--s 00201000 ca:01 274377                     /home/ec2-user/.sdkman/candidates/gradle/4.3/lib/gradle-core-4.3.jar
7f2dc08e8000-7f2dc08f4000 r--s 00032000 ca:01 274379                     /home/ec2-user/.sdkman/candidates/gradle/4.3/lib/gradle-core-api-4.3.jar
7f2dc08f4000-7f2dc08f5000 ---p 00000000 00:00 0 
7f2dc08f5000-7f2dc09f5000 rw-p 00000000 00:00 0 
7f2dc09f5000-7f2dc09f8000 ---p 00000000 00:00 0 
7f2dc09f8000-7f2dc0af6000 rw-p 00000000 00:00 0 
7f2dc0af6000-7f2dc0af9000 ---p 00000000 00:00 0 
7f2dc0af9000-7f2dc0bf7000 rw-p 00000000 00:00 0 
7f2dc0bf7000-7f2dc0bfa000 ---p 00000000 00:00 0 
7f2dc0bfa000-7f2dc0cf8000 rw-p 00000000 00:00 0 
7f2dc0cf8000-7f2dc0cfb000 ---p 00000000 00:00 0 
7f2dc0cfb000-7f2dc0df9000 rw-p 00000000 00:00 0 
7f2dc0df9000-7f2dc0dfc000 ---p 00000000 00:00 0 
7f2dc0dfc000-7f2dc0efa000 rw-p 00000000 00:00 0 
7f2dc0efa000-7f2dc0efd000 ---p 00000000 00:00 0 
7f2dc0efd000-7f2dc0ffb000 rw-p 00000000 00:00 0 
7f2dc0ffb000-7f2dc0ffc000 ---p 00000000 00:00 0 
7f2dc0ffc000-7f2dc114b000 rw-p 00000000 00:00 0 
7f2dc114b000-7f2dc1325000 r--s 03d11000 ca:01 145195                     /usr/java/jdk1.8.0_151/jre/lib/rt.jar
7f2dc1325000-7f2dc1c1e000 rw-p 00000000 00:00 0 
7f2dc1c1e000-7f2dc1c2f000 rw-p 00000000 00:00 0 
7f2dc1c2f000-7f2dc1fde000 ---p 00000000 00:00 0 
7f2dc1fde000-7f2dc1ff9000 r-xp 00000000 ca:01 145177                     /usr/java/jdk1.8.0_151/jre/lib/amd64/libzip.so
7f2dc1ff9000-7f2dc21f9000 ---p 0001b000 ca:01 145177                     /usr/java/jdk1.8.0_151/jre/lib/amd64/libzip.so
7f2dc21f9000-7f2dc21fa000 rw-p 0001b000 ca:01 145177                     /usr/java/jdk1.8.0_151/jre/lib/amd64/libzip.so
7f2dc21fa000-7f2dc2206000 r-xp 00000000 ca:01 262193                     /lib64/libnss_files-2.17.so
7f2dc2206000-7f2dc2405000 ---p 0000c000 ca:01 262193                     /lib64/libnss_files-2.17.so
7f2dc2405000-7f2dc2406000 r--p 0000b000 ca:01 262193                     /lib64/libnss_files-2.17.so
7f2dc2406000-7f2dc2407000 rw-p 0000c000 ca:01 262193                     /lib64/libnss_files-2.17.so
7f2dc2407000-7f2dc240d000 rw-p 00000000 00:00 0 
7f2dc240d000-7f2dc2438000 r-xp 00000000 ca:01 145141                     /usr/java/jdk1.8.0_151/jre/lib/amd64/libjava.so
7f2dc2438000-7f2dc2637000 ---p 0002b000 ca:01 145141                     /usr/java/jdk1.8.0_151/jre/lib/amd64/libjava.so
7f2dc2637000-7f2dc2639000 rw-p 0002a000 ca:01 145141                     /usr/java/jdk1.8.0_151/jre/lib/amd64/libjava.so
7f2dc2639000-7f2dc2646000 r-xp 00000000 ca:01 145176                     /usr/java/jdk1.8.0_151/jre/lib/amd64/libverify.so
7f2dc2646000-7f2dc2846000 ---p 0000d000 ca:01 145176                     /usr/java/jdk1.8.0_151/jre/lib/amd64/libverify.so
7f2dc2846000-7f2dc2848000 rw-p 0000d000 ca:01 145176                     /usr/java/jdk1.8.0_151/jre/lib/amd64/libverify.so
7f2dc2848000-7f2dc284f000 r-xp 00000000 ca:01 262205                     /lib64/librt-2.17.so
7f2dc284f000-7f2dc2a4e000 ---p 00007000 ca:01 262205                     /lib64/librt-2.17.so
7f2dc2a4e000-7f2dc2a4f000 r--p 00006000 ca:01 262205                     /lib64/librt-2.17.so
7f2dc2a4f000-7f2dc2a50000 rw-p 00007000 ca:01 262205                     /lib64/librt-2.17.so
7f2dc2a50000-7f2dc2b51000 r-xp 00000000 ca:01 262183                     /lib64/libm-2.17.so
7f2dc2b51000-7f2dc2d50000 ---p 00101000 ca:01 262183                     /lib64/libm-2.17.so
7f2dc2d50000-7f2dc2d51000 r--p 00100000 ca:01 262183                     /lib64/libm-2.17.so
7f2dc2d51000-7f2dc2d52000 rw-p 00101000 ca:01 262183                     /lib64/libm-2.17.so
7f2dc2d52000-7f2dc3a25000 r-xp 00000000 ca:01 145181                     /usr/java/jdk1.8.0_151/jre/lib/amd64/server/libjvm.so
7f2dc3a25000-7f2dc3c24000 ---p 00cd3000 ca:01 145181                     /usr/java/jdk1.8.0_151/jre/lib/amd64/server/libjvm.so
7f2dc3c24000-7f2dc3cfe000 rw-p 00cd2000 ca:01 145181                     /usr/java/jdk1.8.0_151/jre/lib/amd64/server/libjvm.so
7f2dc3cfe000-7f2dc3d49000 rw-p 00000000 00:00 0 
7f2dc3d49000-7f2dc3f03000 r-xp 00000000 ca:01 262175                     /lib64/libc-2.17.so
7f2dc3f03000-7f2dc4102000 ---p 001ba000 ca:01 262175                     /lib64/libc-2.17.so
7f2dc4102000-7f2dc4106000 r--p 001b9000 ca:01 262175                     /lib64/libc-2.17.so
7f2dc4106000-7f2dc4108000 rw-p 001bd000 ca:01 262175                     /lib64/libc-2.17.so
7f2dc4108000-7f2dc410d000 rw-p 00000000 00:00 0 
7f2dc410d000-7f2dc410f000 r-xp 00000000 ca:01 262181                     /lib64/libdl-2.17.so
7f2dc410f000-7f2dc430f000 ---p 00002000 ca:01 262181                     /lib64/libdl-2.17.so
7f2dc430f000-7f2dc4310000 r--p 00002000 ca:01 262181                     /lib64/libdl-2.17.so
7f2dc4310000-7f2dc4311000 rw-p 00003000 ca:01 262181                     /lib64/libdl-2.17.so
7f2dc4311000-7f2dc4327000 r-xp 00000000 ca:01 145453                     /usr/java/jdk1.8.0_151/lib/amd64/jli/libjli.so
7f2dc4327000-7f2dc4526000 ---p 00016000 ca:01 145453                     /usr/java/jdk1.8.0_151/lib/amd64/jli/libjli.so
7f2dc4526000-7f2dc4527000 rw-p 00015000 ca:01 145453                     /usr/java/jdk1.8.0_151/lib/amd64/jli/libjli.so
7f2dc4527000-7f2dc453e000 r-xp 00000000 ca:01 262201                     /lib64/libpthread-2.17.so
7f2dc453e000-7f2dc473d000 ---p 00017000 ca:01 262201                     /lib64/libpthread-2.17.so
7f2dc473d000-7f2dc473e000 r--p 00016000 ca:01 262201                     /lib64/libpthread-2.17.so
7f2dc473e000-7f2dc473f000 rw-p 00017000 ca:01 262201                     /lib64/libpthread-2.17.so
7f2dc473f000-7f2dc4743000 rw-p 00000000 00:00 0 
7f2dc4743000-7f2dc4764000 r-xp 00000000 ca:01 262168                     /lib64/ld-2.17.so
7f2dc4764000-7f2dc4766000 r--s 00000000 ca:01 274378                     /home/ec2-user/.sdkman/candidates/gradle/4.3/lib/gradle-jvm-services-4.3.jar
7f2dc4766000-7f2dc4772000 r--s 0005a000 ca:01 274390                     /home/ec2-user/.sdkman/candidates/gradle/4.3/lib/gradle-base-services-4.3.jar
7f2dc4772000-7f2dc477f000 r--s 0005e000 ca:01 274372                     /home/ec2-user/.sdkman/candidates/gradle/4.3/lib/gradle-launcher-4.3.jar
7f2dc477f000-7f2dc4785000 rw-p 00000000 00:00 0 
7f2dc4785000-7f2dc47d3000 ---p 00000000 00:00 0 
7f2dc47d3000-7f2dc47d6000 rw-p 00000000 00:00 0 
7f2dc47d6000-7f2dc47fc000 ---p 00000000 00:00 0 
7f2dc47fc000-7f2dc4802000 rw-p 00000000 00:00 0 
7f2dc4802000-7f2dc4850000 ---p 00000000 00:00 0 
7f2dc4850000-7f2dc4851000 rw-p 00000000 00:00 0 
7f2dc4851000-7f2dc4859000 rw-s 00000000 ca:01 274116                     /tmp/hsperfdata_ec2-user/7720
7f2dc4859000-7f2dc485c000 ---p 00000000 00:00 0 
7f2dc485c000-7f2dc495e000 rw-p 00000000 00:00 0 
7f2dc495e000-7f2dc495f000 r--s 00000000 ca:01 274404                     /home/ec2-user/.sdkman/candidates/gradle/4.3/lib/jcip-annotations-1.0.jar
7f2dc495f000-7f2dc4960000 r--s 00007000 ca:01 274400                     /home/ec2-user/.sdkman/candidates/gradle/4.3/lib/slf4j-api-1.7.10.jar
7f2dc4960000-7f2dc4961000 r--s 00004000 ca:01 274413                     /home/ec2-user/.sdkman/candidates/gradle/4.3/lib/ant-launcher-1.9.6.jar
7f2dc4961000-7f2dc4962000 rw-p 00000000 00:00 0 
7f2dc4962000-7f2dc4963000 r--p 00000000 00:00 0 
7f2dc4963000-7f2dc4964000 rw-p 00000000 00:00 0 
7f2dc4964000-7f2dc4965000 r--p 00021000 ca:01 262168                     /lib64/ld-2.17.so
7f2dc4965000-7f2dc4966000 rw-p 00022000 ca:01 262168                     /lib64/ld-2.17.so
7f2dc4966000-7f2dc4967000 rw-p 00000000 00:00 0 
7ffe968ba000-7ffe968db000 rw-p 00000000 00:00 0                          [stack]
7ffe96910000-7ffe96912000 r--p 00000000 00:00 0                          [vvar]
7ffe96912000-7ffe96914000 r-xp 00000000 00:00 0                          [vdso]
ffffffffff600000-ffffffffff601000 r-xp 00000000 00:00 0                  [vsyscall]

VM Arguments:
jvm_args: -Dorg.gradle.appname=gradle 
java_command: org.gradle.launcher.GradleMain bootRun
java_class_path (initial): /home/ec2-user/.sdkman/candidates/gradle/4.3/lib/gradle-launcher-4.3.jar
Launcher Type: SUN_STANDARD

Environment Variables:
JAVA_HOME=/usr/java/jdk1.8.0_151
PATH=/home/ec2-user/.sdkman/candidates/gradle/current/bin:/usr/local/bin:/bin:/usr/bin:/usr/local/sbin:/usr/sbin:/sbin:/opt/aws/bin:/home/ec2-user/.local/bin:/home/ec2-user/bin
SHELL=/bin/bash

Signal Handlers:
SIGSEGV: [libjvm.so+0xacbe10], sa_mask[0]=11111111011111111101111111111110, sa_flags=SA_RESTART|SA_SIGINFO
SIGBUS: [libjvm.so+0xacbe10], sa_mask[0]=11111111011111111101111111111110, sa_flags=SA_RESTART|SA_SIGINFO
SIGFPE: [libjvm.so+0x924f90], sa_mask[0]=11111111011111111101111111111110, sa_flags=SA_RESTART|SA_SIGINFO
SIGPIPE: [libjvm.so+0x924f90], sa_mask[0]=11111111011111111101111111111110, sa_flags=SA_RESTART|SA_SIGINFO
SIGXFSZ: [libjvm.so+0x924f90], sa_mask[0]=11111111011111111101111111111110, sa_flags=SA_RESTART|SA_SIGINFO
SIGILL: [libjvm.so+0x924f90], sa_mask[0]=11111111011111111101111111111110, sa_flags=SA_RESTART|SA_SIGINFO
SIGUSR1: SIG_DFL, sa_mask[0]=00000000000000000000000000000000, sa_flags=none
SIGUSR2: [libjvm.so+0x9267d0], sa_mask[0]=00000000000000000000000000000000, sa_flags=SA_RESTART|SA_SIGINFO
SIGHUP: [libjvm.so+0x927bd0], sa_mask[0]=11111111011111111101111111111110, sa_flags=SA_RESTART|SA_SIGINFO
SIGINT: [libjvm.so+0x927bd0], sa_mask[0]=11111111011111111101111111111110, sa_flags=SA_RESTART|SA_SIGINFO
SIGTERM: [libjvm.so+0x927bd0], sa_mask[0]=11111111011111111101111111111110, sa_flags=SA_RESTART|SA_SIGINFO
SIGQUIT: [libjvm.so+0x927bd0], sa_mask[0]=11111111011111111101111111111110, sa_flags=SA_RESTART|SA_SIGINFO


---------------  S Y S T E M  ---------------

OS:Amazon Linux AMI release 2017.09

uname:Linux 4.9.58-18.51.amzn1.x86_64 #1 SMP Tue Oct 24 22:44:07 UTC 2017 x86_64
libc:glibc 2.17 NPTL 2.17 
rlimit: STACK 8192k, CORE 0k, NPROC 3903, NOFILE 4096, AS infinity
load average:0.01 0.06 0.03

/proc/meminfo:
MemTotal:        1017296 kB
MemFree:           60320 kB
MemAvailable:          0 kB
Buffers:             320 kB
Cached:             5996 kB
SwapCached:            0 kB
Active:           902988 kB
Inactive:           3980 kB
Active(anon):     900672 kB
Inactive(anon):      264 kB
Active(file):       2316 kB
Inactive(file):     3716 kB
Unevictable:           0 kB
Mlocked:               0 kB
SwapTotal:             0 kB
SwapFree:              0 kB
Dirty:               116 kB
Writeback:             0 kB
AnonPages:        900664 kB
Mapped:             4248 kB
Shmem:               272 kB
Slab:              23932 kB
SReclaimable:      10632 kB
SUnreclaim:        13300 kB
KernelStack:        4400 kB
PageTables:        12856 kB
NFS_Unstable:          0 kB
Bounce:                0 kB
WritebackTmp:          0 kB
CommitLimit:      508648 kB
Committed_AS:    1790708 kB
VmallocTotal:   34359738367 kB
VmallocUsed:           0 kB
VmallocChunk:          0 kB
AnonHugePages:     18432 kB
ShmemHugePages:        0 kB
ShmemPmdMapped:        0 kB
HugePages_Total:       0
HugePages_Free:        0
HugePages_Rsvd:        0
HugePages_Surp:        0
Hugepagesize:       2048 kB
DirectMap4k:       12288 kB
DirectMap2M:     1036288 kB


CPU:total 1 (initial active 1) (1 cores per cpu, 1 threads per core) family 6 model 63 stepping 2, cmov, cx8, fxsr, mmx, sse, sse2, sse3, ssse3, sse4.1, sse4.2, popcnt, avx, avx2, aes, clmul, erms, lzcnt, tsc, bmi1, bmi2

/proc/cpuinfo:
processor	: 0
vendor_id	: GenuineIntel
cpu family	: 6
model		: 63
model name	: Intel(R) Xeon(R) CPU E5-2676 v3 @ 2.40GHz
stepping	: 2
microcode	: 0x3a
cpu MHz		: 2400.093
cache size	: 30720 KB
physical id	: 0
siblings	: 1
core id		: 0
cpu cores	: 1
apicid		: 0
initial apicid	: 0
fpu		: yes
fpu_exception	: yes
cpuid level	: 13
wp		: yes
flags		: fpu vme de pse tsc msr pae mce cx8 apic sep mtrr pge mca cmov pat pse36 clflush mmx fxsr sse sse2 ht syscall nx rdtscp lm constant_tsc rep_good nopl xtopology eagerfpu pni pclmulqdq ssse3 fma cx16 pcid sse4_1 sse4_2 x2apic movbe popcnt tsc_deadline_timer aes xsave avx f16c rdrand hypervisor lahf_lm abm fsgsbase bmi1 avx2 smep bmi2 erms invpcid xsaveopt
bugs		:
bogomips	: 4800.14
clflush size	: 64
cache_alignment	: 64
address sizes	: 46 bits physical, 48 bits virtual
power management:



Memory: 4k page, physical 1017296k(60320k free), swap 0k(0k free)

vm_info: Java HotSpot(TM) 64-Bit Server VM (25.151-b12) for linux-amd64 JRE (1.8.0_151-b12), built on Sep  5 2017 19:20:58 by "java_re" with gcc 4.3.0 20080428 (Red Hat 4.3.0-8)

time: Fri Nov  3 01:28:39 2017
elapsed time: 276 seconds (0d 0h 4m 36s)

